
========================================
دورة رقم: 1
الوقت: Tue Dec  2 00:31:48 2025
النتيجة: 100/100
وقت التنفيذ: 26.3727 ms
التحسينات المطبقة: 0
ملاحظات: لا يوجد تحسينات مطلوبة
========================================

========================================
دورة رقم: 2
الوقت: Tue Dec  2 00:31:51 2025
النتيجة: 100/100
وقت التنفيذ: 30.2172 ms
التحسينات المطبقة: 0
ملاحظات: لا يوجد تحسينات مطلوبة
========================================

========================================
دورة رقم: 3
الوقت: Tue Dec  2 00:31:53 2025
النتيجة: 100/100
وقت التنفيذ: 26.9603 ms
التحسينات المطبقة: 0
ملاحظات: لا يوجد تحسينات مطلوبة
========================================

========================================
دورة رقم: 1
الوقت: Tue Dec  2 00:36:15 2025
النتيجة: 100/100
وقت التنفيذ: 47.7296 ms
التحسينات المطبقة: 0
ملاحظات: لا يوجد تحسينات مطلوبة
========================================
